The system is: Linux - 5.15.0-48-generic - x86_64
Compiling the C compiler identification source file "CMakeCCompilerId.c" succeeded.
Compiler: /usr/bin/cc 
Build flags: 
Id flags:  

The output was:
0


Compilation of the C compiler identification source "CMakeCCompilerId.c" produced "a.out"

The C compiler identification is GNU, found in "/media/frame1bit/Data/media-player/cspot/targets/cli/build/CMakeFiles/3.16.3/CompilerIdC/a.out"

Compiling the CXX compiler identification source file "CMakeCXXCompilerId.cpp" succeeded.
Compiler: /usr/bin/c++ 
Build flags: 
Id flags:  

The output was:
0


Compilation of the CXX compiler identification source "CMakeCXXCompilerId.cpp" produced "a.out"

The CXX compiler identification is GNU, found in "/media/frame1bit/Data/media-player/cspot/targets/cli/build/CMakeFiles/3.16.3/CompilerIdCXX/a.out"

Determining if the C compiler works passed with the following output:
Change Dir: /media/frame1bit/Data/media-player/cspot/targets/cli/build/CMakeFiles/CMakeTmp

Run Build Command(s):/usr/bin/make cmTC_03199/fast && /usr/bin/make -f CMakeFiles/cmTC_03199.dir/build.make CMakeFiles/cmTC_03199.dir/build
make[1]: Entering directory '/media/frame1bit/Data/media-player/cspot/targets/cli/build/CMakeFiles/CMakeTmp'
Building C object CMakeFiles/cmTC_03199.dir/testCCompiler.c.o
/usr/bin/cc    -o CMakeFiles/cmTC_03199.dir/testCCompiler.c.o   -c /media/frame1bit/Data/media-player/cspot/targets/cli/build/CMakeFiles/CMakeTmp/testCCompiler.c
Linking C executable cmTC_03199
/usr/bin/cmake -E cmake_link_script CMakeFiles/cmTC_03199.dir/link.txt --verbose=1
/usr/bin/cc      -rdynamic CMakeFiles/cmTC_03199.dir/testCCompiler.c.o  -o cmTC_03199 
make[1]: Leaving directory '/media/frame1bit/Data/media-player/cspot/targets/cli/build/CMakeFiles/CMakeTmp'



Detecting C compiler ABI info compiled with the following output:
Change Dir: /media/frame1bit/Data/media-player/cspot/targets/cli/build/CMakeFiles/CMakeTmp

Run Build Command(s):/usr/bin/make cmTC_aaaf8/fast && /usr/bin/make -f CMakeFiles/cmTC_aaaf8.dir/build.make CMakeFiles/cmTC_aaaf8.dir/build
make[1]: Entering directory '/media/frame1bit/Data/media-player/cspot/targets/cli/build/CMakeFiles/CMakeTmp'
Building C object CMakeFiles/cmTC_aaaf8.dir/CMakeCCompilerABI.c.o
/usr/bin/cc   -v -o CMakeFiles/cmTC_aaaf8.dir/CMakeCCompilerABI.c.o   -c /usr/share/cmake-3.16/Modules/CMakeCCompilerABI.c
Using built-in specs.
COLLECT_GCC=/usr/bin/cc
OFFLOAD_TARGET_NAMES=nvptx-none:hsa
OFFLOAD_TARGET_DEFAULT=1
Target: x86_64-linux-gnu
Configured with: ../src/configure -v --with-pkgversion='Ubuntu 9.4.0-1ubuntu1~20.04.1' --with-bugurl=file:///usr/share/doc/gcc-9/README.Bugs --enable-languages=c,ada,c++,go,brig,d,fortran,objc,obj-c++,gm2 --prefix=/usr --with-gcc-major-version-only --program-suffix=-9 --program-prefix=x86_64-linux-gnu- --enable-shared --enable-linker-build-id --libexecdir=/usr/lib --without-included-gettext --enable-threads=posix --libdir=/usr/lib --enable-nls --enable-clocale=gnu --enable-libstdcxx-debug --enable-libstdcxx-time=yes --with-default-libstdcxx-abi=new --enable-gnu-unique-object --disable-vtable-verify --enable-plugin --enable-default-pie --with-system-zlib --with-target-system-zlib=auto --enable-objc-gc=auto --enable-multiarch --disable-werror --with-arch-32=i686 --with-abi=m64 --with-multilib-list=m32,m64,mx32 --enable-multilib --with-tune=generic --enable-offload-targets=nvptx-none=/build/gcc-9-Av3uEd/gcc-9-9.4.0/debian/tmp-nvptx/usr,hsa --without-cuda-driver --enable-checking=release --build=x86_64-linux-gnu --host=x86_64-linux-gnu --target=x86_64-linux-gnu
Thread model: posix
gcc version 9.4.0 (Ubuntu 9.4.0-1ubuntu1~20.04.1) 
COLLECT_GCC_OPTIONS='-v' '-o' 'CMakeFiles/cmTC_aaaf8.dir/CMakeCCompilerABI.c.o' '-c' '-mtune=generic' '-march=x86-64'
 /usr/lib/gcc/x86_64-linux-gnu/9/cc1 -quiet -v -imultiarch x86_64-linux-gnu /usr/share/cmake-3.16/Modules/CMakeCCompilerABI.c -quiet -dumpbase CMakeCCompilerABI.c -mtune=generic -march=x86-64 -auxbase-strip CMakeFiles/cmTC_aaaf8.dir/CMakeCCompilerABI.c.o -version -fasynchronous-unwind-tables -fstack-protector-strong -Wformat -Wformat-security -fstack-clash-protection -fcf-protection -o /tmp/ccpayua5.s
GNU C17 (Ubuntu 9.4.0-1ubuntu1~20.04.1) version 9.4.0 (x86_64-linux-gnu)
	compiled by GNU C version 9.4.0, GMP version 6.2.0, MPFR version 4.0.2, MPC version 1.1.0, isl version isl-0.22.1-GMP

GGC heuristics: --param ggc-min-expand=100 --param ggc-min-heapsize=131072
ignoring nonexistent directory "/usr/local/include/x86_64-linux-gnu"
ignoring nonexistent directory "/usr/lib/gcc/x86_64-linux-gnu/9/include-fixed"
ignoring nonexistent directory "/usr/lib/gcc/x86_64-linux-gnu/9/../../../../x86_64-linux-gnu/include"
#include "..." search starts here:
#include <...> search starts here:
 /usr/lib/gcc/x86_64-linux-gnu/9/include
 /usr/local/include
 /usr/include/x86_64-linux-gnu
 /usr/include
End of search list.
GNU C17 (Ubuntu 9.4.0-1ubuntu1~20.04.1) version 9.4.0 (x86_64-linux-gnu)
	compiled by GNU C version 9.4.0, GMP version 6.2.0, MPFR version 4.0.2, MPC version 1.1.0, isl version isl-0.22.1-GMP

GGC heuristics: --param ggc-min-expand=100 --param ggc-min-heapsize=131072
Compiler executable checksum: c0c95c0b4209efec1c1892d5ff24030b
COLLECT_GCC_OPTIONS='-v' '-o' 'CMakeFiles/cmTC_aaaf8.dir/CMakeCCompilerABI.c.o' '-c' '-mtune=generic' '-march=x86-64'
 as -v --64 -o CMakeFiles/cmTC_aaaf8.dir/CMakeCCompilerABI.c.o /tmp/ccpayua5.s
GNU assembler version 2.34 (x86_64-linux-gnu) using BFD version (GNU Binutils for Ubuntu) 2.34
COMPILER_PATH=/usr/lib/gcc/x86_64-linux-gnu/9/:/usr/lib/gcc/x86_64-linux-gnu/9/:/usr/lib/gcc/x86_64-linux-gnu/:/usr/lib/gcc/x86_64-linux-gnu/9/:/usr/lib/gcc/x86_64-linux-gnu/
LIBRARY_PATH=/usr/lib/gcc/x86_64-linux-gnu/9/:/usr/lib/gcc/x86_64-linux-gnu/9/../../../x86_64-linux-gnu/:/usr/lib/gcc/x86_64-linux-gnu/9/../../../../lib/:/lib/x86_64-linux-gnu/:/lib/../lib/:/usr/lib/x86_64-linux-gnu/:/usr/lib/../lib/:/usr/lib/gcc/x86_64-linux-gnu/9/../../../:/lib/:/usr/lib/
COLLECT_GCC_OPTIONS='-v' '-o' 'CMakeFiles/cmTC_aaaf8.dir/CMakeCCompilerABI.c.o' '-c' '-mtune=generic' '-march=x86-64'
Linking C executable cmTC_aaaf8
/usr/bin/cmake -E cmake_link_script CMakeFiles/cmTC_aaaf8.dir/link.txt --verbose=1
/usr/bin/cc     -v -rdynamic CMakeFiles/cmTC_aaaf8.dir/CMakeCCompilerABI.c.o  -o cmTC_aaaf8 
Using built-in specs.
COLLECT_GCC=/usr/bin/cc
COLLECT_LTO_WRAPPER=/usr/lib/gcc/x86_64-linux-gnu/9/lto-wrapper
OFFLOAD_TARGET_NAMES=nvptx-none:hsa
OFFLOAD_TARGET_DEFAULT=1
Target: x86_64-linux-gnu
Configured with: ../src/configure -v --with-pkgversion='Ubuntu 9.4.0-1ubuntu1~20.04.1' --with-bugurl=file:///usr/share/doc/gcc-9/README.Bugs --enable-languages=c,ada,c++,go,brig,d,fortran,objc,obj-c++,gm2 --prefix=/usr --with-gcc-major-version-only --program-suffix=-9 --program-prefix=x86_64-linux-gnu- --enable-shared --enable-linker-build-id --libexecdir=/usr/lib --without-included-gettext --enable-threads=posix --libdir=/usr/lib --enable-nls --enable-clocale=gnu --enable-libstdcxx-debug --enable-libstdcxx-time=yes --with-default-libstdcxx-abi=new --enable-gnu-unique-object --disable-vtable-verify --enable-plugin --enable-default-pie --with-system-zlib --with-target-system-zlib=auto --enable-objc-gc=auto --enable-multiarch --disable-werror --with-arch-32=i686 --with-abi=m64 --with-multilib-list=m32,m64,mx32 --enable-multilib --with-tune=generic --enable-offload-targets=nvptx-none=/build/gcc-9-Av3uEd/gcc-9-9.4.0/debian/tmp-nvptx/usr,hsa --without-cuda-driver --enable-checking=release --build=x86_64-linux-gnu --host=x86_64-linux-gnu --target=x86_64-linux-gnu
Thread model: posix
gcc version 9.4.0 (Ubuntu 9.4.0-1ubuntu1~20.04.1) 
COMPILER_PATH=/usr/lib/gcc/x86_64-linux-gnu/9/:/usr/lib/gcc/x86_64-linux-gnu/9/:/usr/lib/gcc/x86_64-linux-gnu/:/usr/lib/gcc/x86_64-linux-gnu/9/:/usr/lib/gcc/x86_64-linux-gnu/
LIBRARY_PATH=/usr/lib/gcc/x86_64-linux-gnu/9/:/usr/lib/gcc/x86_64-linux-gnu/9/../../../x86_64-linux-gnu/:/usr/lib/gcc/x86_64-linux-gnu/9/../../../../lib/:/lib/x86_64-linux-gnu/:/lib/../lib/:/usr/lib/x86_64-linux-gnu/:/usr/lib/../lib/:/usr/lib/gcc/x86_64-linux-gnu/9/../../../:/lib/:/usr/lib/
COLLECT_GCC_OPTIONS='-v' '-rdynamic' '-o' 'cmTC_aaaf8' '-mtune=generic' '-march=x86-64'
 /usr/lib/gcc/x86_64-linux-gnu/9/collect2 -plugin /usr/lib/gcc/x86_64-linux-gnu/9/liblto_plugin.so -plugin-opt=/usr/lib/gcc/x86_64-linux-gnu/9/lto-wrapper -plugin-opt=-fresolution=/tmp/ccKInVVv.res -plugin-opt=-pass-through=-lgcc -plugin-opt=-pass-through=-lgcc_s -plugin-opt=-pass-through=-lc -plugin-opt=-pass-through=-lgcc -plugin-opt=-pass-through=-lgcc_s --build-id --eh-frame-hdr -m elf_x86_64 --hash-style=gnu --as-needed -export-dynamic -dynamic-linker /lib64/ld-linux-x86-64.so.2 -pie -z now -z relro -o cmTC_aaaf8 /usr/lib/gcc/x86_64-linux-gnu/9/../../../x86_64-linux-gnu/Scrt1.o /usr/lib/gcc/x86_64-linux-gnu/9/../../../x86_64-linux-gnu/crti.o /usr/lib/gcc/x86_64-linux-gnu/9/crtbeginS.o -L/usr/lib/gcc/x86_64-linux-gnu/9 -L/usr/lib/gcc/x86_64-linux-gnu/9/../../../x86_64-linux-gnu -L/usr/lib/gcc/x86_64-linux-gnu/9/../../../../lib -L/lib/x86_64-linux-gnu -L/lib/../lib -L/usr/lib/x86_64-linux-gnu -L/usr/lib/../lib -L/usr/lib/gcc/x86_64-linux-gnu/9/../../.. CMakeFiles/cmTC_aaaf8.dir/CMakeCCompilerABI.c.o -lgcc --push-state --as-needed -lgcc_s --pop-state -lc -lgcc --push-state --as-needed -lgcc_s --pop-state /usr/lib/gcc/x86_64-linux-gnu/9/crtendS.o /usr/lib/gcc/x86_64-linux-gnu/9/../../../x86_64-linux-gnu/crtn.o
COLLECT_GCC_OPTIONS='-v' '-rdynamic' '-o' 'cmTC_aaaf8' '-mtune=generic' '-march=x86-64'
make[1]: Leaving directory '/media/frame1bit/Data/media-player/cspot/targets/cli/build/CMakeFiles/CMakeTmp'



Parsed C implicit include dir info from above output: rv=done
  found start of include info
  found start of implicit include info
    add: [/usr/lib/gcc/x86_64-linux-gnu/9/include]
    add: [/usr/local/include]
    add: [/usr/include/x86_64-linux-gnu]
    add: [/usr/include]
  end of search list found
  collapse include dir [/usr/lib/gcc/x86_64-linux-gnu/9/include] ==> [/usr/lib/gcc/x86_64-linux-gnu/9/include]
  collapse include dir [/usr/local/include] ==> [/usr/local/include]
  collapse include dir [/usr/include/x86_64-linux-gnu] ==> [/usr/include/x86_64-linux-gnu]
  collapse include dir [/usr/include] ==> [/usr/include]
  implicit include dirs: [/usr/lib/gcc/x86_64-linux-gnu/9/include;/usr/local/include;/usr/include/x86_64-linux-gnu;/usr/include]


Parsed C implicit link information from above output:
  link line regex: [^( *|.*[/\])(ld|CMAKE_LINK_STARTFILE-NOTFOUND|([^/\]+-)?ld|collect2)[^/\]*( |$)]
  ignore line: [Change Dir: /media/frame1bit/Data/media-player/cspot/targets/cli/build/CMakeFiles/CMakeTmp]
  ignore line: []
  ignore line: [Run Build Command(s):/usr/bin/make cmTC_aaaf8/fast && /usr/bin/make -f CMakeFiles/cmTC_aaaf8.dir/build.make CMakeFiles/cmTC_aaaf8.dir/build]
  ignore line: [make[1]: Entering directory '/media/frame1bit/Data/media-player/cspot/targets/cli/build/CMakeFiles/CMakeTmp']
  ignore line: [Building C object CMakeFiles/cmTC_aaaf8.dir/CMakeCCompilerABI.c.o]
  ignore line: [/usr/bin/cc   -v -o CMakeFiles/cmTC_aaaf8.dir/CMakeCCompilerABI.c.o   -c /usr/share/cmake-3.16/Modules/CMakeCCompilerABI.c]
  ignore line: [Using built-in specs.]
  ignore line: [COLLECT_GCC=/usr/bin/cc]
  ignore line: [OFFLOAD_TARGET_NAMES=nvptx-none:hsa]
  ignore line: [OFFLOAD_TARGET_DEFAULT=1]
  ignore line: [Target: x86_64-linux-gnu]
  ignore line: [Configured with: ../src/configure -v --with-pkgversion='Ubuntu 9.4.0-1ubuntu1~20.04.1' --with-bugurl=file:///usr/share/doc/gcc-9/README.Bugs --enable-languages=c ada c++ go brig d fortran objc obj-c++ gm2 --prefix=/usr --with-gcc-major-version-only --program-suffix=-9 --program-prefix=x86_64-linux-gnu- --enable-shared --enable-linker-build-id --libexecdir=/usr/lib --without-included-gettext --enable-threads=posix --libdir=/usr/lib --enable-nls --enable-clocale=gnu --enable-libstdcxx-debug --enable-libstdcxx-time=yes --with-default-libstdcxx-abi=new --enable-gnu-unique-object --disable-vtable-verify --enable-plugin --enable-default-pie --with-system-zlib --with-target-system-zlib=auto --enable-objc-gc=auto --enable-multiarch --disable-werror --with-arch-32=i686 --with-abi=m64 --with-multilib-list=m32 m64 mx32 --enable-multilib --with-tune=generic --enable-offload-targets=nvptx-none=/build/gcc-9-Av3uEd/gcc-9-9.4.0/debian/tmp-nvptx/usr hsa --without-cuda-driver --enable-checking=release --build=x86_64-linux-gnu --host=x86_64-linux-gnu --target=x86_64-linux-gnu]
  ignore line: [Thread model: posix]
  ignore line: [gcc version 9.4.0 (Ubuntu 9.4.0-1ubuntu1~20.04.1) ]
  ignore line: [COLLECT_GCC_OPTIONS='-v' '-o' 'CMakeFiles/cmTC_aaaf8.dir/CMakeCCompilerABI.c.o' '-c' '-mtune=generic' '-march=x86-64']
  ignore line: [ /usr/lib/gcc/x86_64-linux-gnu/9/cc1 -quiet -v -imultiarch x86_64-linux-gnu /usr/share/cmake-3.16/Modules/CMakeCCompilerABI.c -quiet -dumpbase CMakeCCompilerABI.c -mtune=generic -march=x86-64 -auxbase-strip CMakeFiles/cmTC_aaaf8.dir/CMakeCCompilerABI.c.o -version -fasynchronous-unwind-tables -fstack-protector-strong -Wformat -Wformat-security -fstack-clash-protection -fcf-protection -o /tmp/ccpayua5.s]
  ignore line: [GNU C17 (Ubuntu 9.4.0-1ubuntu1~20.04.1) version 9.4.0 (x86_64-linux-gnu)]
  ignore line: [	compiled by GNU C version 9.4.0  GMP version 6.2.0  MPFR version 4.0.2  MPC version 1.1.0  isl version isl-0.22.1-GMP]
  ignore line: []
  ignore line: [GGC heuristics: --param ggc-min-expand=100 --param ggc-min-heapsize=131072]
  ignore line: [ignoring nonexistent directory "/usr/local/include/x86_64-linux-gnu"]
  ignore line: [ignoring nonexistent directory "/usr/lib/gcc/x86_64-linux-gnu/9/include-fixed"]
  ignore line: [ignoring nonexistent directory "/usr/lib/gcc/x86_64-linux-gnu/9/../../../../x86_64-linux-gnu/include"]
  ignore line: [#include "..." search starts here:]
  ignore line: [#include <...> search starts here:]
  ignore line: [ /usr/lib/gcc/x86_64-linux-gnu/9/include]
  ignore line: [ /usr/local/include]
  ignore line: [ /usr/include/x86_64-linux-gnu]
  ignore line: [ /usr/include]
  ignore line: [End of search list.]
  ignore line: [GNU C17 (Ubuntu 9.4.0-1ubuntu1~20.04.1) version 9.4.0 (x86_64-linux-gnu)]
  ignore line: [	compiled by GNU C version 9.4.0  GMP version 6.2.0  MPFR version 4.0.2  MPC version 1.1.0  isl version isl-0.22.1-GMP]
  ignore line: []
  ignore line: [GGC heuristics: --param ggc-min-expand=100 --param ggc-min-heapsize=131072]
  ignore line: [Compiler executable checksum: c0c95c0b4209efec1c1892d5ff24030b]
  ignore line: [COLLECT_GCC_OPTIONS='-v' '-o' 'CMakeFiles/cmTC_aaaf8.dir/CMakeCCompilerABI.c.o' '-c' '-mtune=generic' '-march=x86-64']
  ignore line: [ as -v --64 -o CMakeFiles/cmTC_aaaf8.dir/CMakeCCompilerABI.c.o /tmp/ccpayua5.s]
  ignore line: [GNU assembler version 2.34 (x86_64-linux-gnu) using BFD version (GNU Binutils for Ubuntu) 2.34]
  ignore line: [COMPILER_PATH=/usr/lib/gcc/x86_64-linux-gnu/9/:/usr/lib/gcc/x86_64-linux-gnu/9/:/usr/lib/gcc/x86_64-linux-gnu/:/usr/lib/gcc/x86_64-linux-gnu/9/:/usr/lib/gcc/x86_64-linux-gnu/]
  ignore line: [LIBRARY_PATH=/usr/lib/gcc/x86_64-linux-gnu/9/:/usr/lib/gcc/x86_64-linux-gnu/9/../../../x86_64-linux-gnu/:/usr/lib/gcc/x86_64-linux-gnu/9/../../../../lib/:/lib/x86_64-linux-gnu/:/lib/../lib/:/usr/lib/x86_64-linux-gnu/:/usr/lib/../lib/:/usr/lib/gcc/x86_64-linux-gnu/9/../../../:/lib/:/usr/lib/]
  ignore line: [COLLECT_GCC_OPTIONS='-v' '-o' 'CMakeFiles/cmTC_aaaf8.dir/CMakeCCompilerABI.c.o' '-c' '-mtune=generic' '-march=x86-64']
  ignore line: [Linking C executable cmTC_aaaf8]
  ignore line: [/usr/bin/cmake -E cmake_link_script CMakeFiles/cmTC_aaaf8.dir/link.txt --verbose=1]
  ignore line: [/usr/bin/cc     -v -rdynamic CMakeFiles/cmTC_aaaf8.dir/CMakeCCompilerABI.c.o  -o cmTC_aaaf8 ]
  ignore line: [Using built-in specs.]
  ignore line: [COLLECT_GCC=/usr/bin/cc]
  ignore line: [COLLECT_LTO_WRAPPER=/usr/lib/gcc/x86_64-linux-gnu/9/lto-wrapper]
  ignore line: [OFFLOAD_TARGET_NAMES=nvptx-none:hsa]
  ignore line: [OFFLOAD_TARGET_DEFAULT=1]
  ignore line: [Target: x86_64-linux-gnu]
  ignore line: [Configured with: ../src/configure -v --with-pkgversion='Ubuntu 9.4.0-1ubuntu1~20.04.1' --with-bugurl=file:///usr/share/doc/gcc-9/README.Bugs --enable-languages=c ada c++ go brig d fortran objc obj-c++ gm2 --prefix=/usr --with-gcc-major-version-only --program-suffix=-9 --program-prefix=x86_64-linux-gnu- --enable-shared --enable-linker-build-id --libexecdir=/usr/lib --without-included-gettext --enable-threads=posix --libdir=/usr/lib --enable-nls --enable-clocale=gnu --enable-libstdcxx-debug --enable-libstdcxx-time=yes --with-default-libstdcxx-abi=new --enable-gnu-unique-object --disable-vtable-verify --enable-plugin --enable-default-pie --with-system-zlib --with-target-system-zlib=auto --enable-objc-gc=auto --enable-multiarch --disable-werror --with-arch-32=i686 --with-abi=m64 --with-multilib-list=m32 m64 mx32 --enable-multilib --with-tune=generic --enable-offload-targets=nvptx-none=/build/gcc-9-Av3uEd/gcc-9-9.4.0/debian/tmp-nvptx/usr hsa --without-cuda-driver --enable-checking=release --build=x86_64-linux-gnu --host=x86_64-linux-gnu --target=x86_64-linux-gnu]
  ignore line: [Thread model: posix]
  ignore line: [gcc version 9.4.0 (Ubuntu 9.4.0-1ubuntu1~20.04.1) ]
  ignore line: [COMPILER_PATH=/usr/lib/gcc/x86_64-linux-gnu/9/:/usr/lib/gcc/x86_64-linux-gnu/9/:/usr/lib/gcc/x86_64-linux-gnu/:/usr/lib/gcc/x86_64-linux-gnu/9/:/usr/lib/gcc/x86_64-linux-gnu/]
  ignore line: [LIBRARY_PATH=/usr/lib/gcc/x86_64-linux-gnu/9/:/usr/lib/gcc/x86_64-linux-gnu/9/../../../x86_64-linux-gnu/:/usr/lib/gcc/x86_64-linux-gnu/9/../../../../lib/:/lib/x86_64-linux-gnu/:/lib/../lib/:/usr/lib/x86_64-linux-gnu/:/usr/lib/../lib/:/usr/lib/gcc/x86_64-linux-gnu/9/../../../:/lib/:/usr/lib/]
  ignore line: [COLLECT_GCC_OPTIONS='-v' '-rdynamic' '-o' 'cmTC_aaaf8' '-mtune=generic' '-march=x86-64']
  link line: [ /usr/lib/gcc/x86_64-linux-gnu/9/collect2 -plugin /usr/lib/gcc/x86_64-linux-gnu/9/liblto_plugin.so -plugin-opt=/usr/lib/gcc/x86_64-linux-gnu/9/lto-wrapper -plugin-opt=-fresolution=/tmp/ccKInVVv.res -plugin-opt=-pass-through=-lgcc -plugin-opt=-pass-through=-lgcc_s -plugin-opt=-pass-through=-lc -plugin-opt=-pass-through=-lgcc -plugin-opt=-pass-through=-lgcc_s --build-id --eh-frame-hdr -m elf_x86_64 --hash-style=gnu --as-needed -export-dynamic -dynamic-linker /lib64/ld-linux-x86-64.so.2 -pie -z now -z relro -o cmTC_aaaf8 /usr/lib/gcc/x86_64-linux-gnu/9/../../../x86_64-linux-gnu/Scrt1.o /usr/lib/gcc/x86_64-linux-gnu/9/../../../x86_64-linux-gnu/crti.o /usr/lib/gcc/x86_64-linux-gnu/9/crtbeginS.o -L/usr/lib/gcc/x86_64-linux-gnu/9 -L/usr/lib/gcc/x86_64-linux-gnu/9/../../../x86_64-linux-gnu -L/usr/lib/gcc/x86_64-linux-gnu/9/../../../../lib -L/lib/x86_64-linux-gnu -L/lib/../lib -L/usr/lib/x86_64-linux-gnu -L/usr/lib/../lib -L/usr/lib/gcc/x86_64-linux-gnu/9/../../.. CMakeFiles/cmTC_aaaf8.dir/CMakeCCompilerABI.c.o -lgcc --push-state --as-needed -lgcc_s --pop-state -lc -lgcc --push-state --as-needed -lgcc_s --pop-state /usr/lib/gcc/x86_64-linux-gnu/9/crtendS.o /usr/lib/gcc/x86_64-linux-gnu/9/../../../x86_64-linux-gnu/crtn.o]
    arg [/usr/lib/gcc/x86_64-linux-gnu/9/collect2] ==> ignore
    arg [-plugin] ==> ignore
    arg [/usr/lib/gcc/x86_64-linux-gnu/9/liblto_plugin.so] ==> ignore
    arg [-plugin-opt=/usr/lib/gcc/x86_64-linux-gnu/9/lto-wrapper] ==> ignore
    arg [-plugin-opt=-fresolution=/tmp/ccKInVVv.res] ==> ignore
    arg [-plugin-opt=-pass-through=-lgcc] ==> ignore
    arg [-plugin-opt=-pass-through=-lgcc_s] ==> ignore
    arg [-plugin-opt=-pass-through=-lc] ==> ignore
    arg [-plugin-opt=-pass-through=-lgcc] ==> ignore
    arg [-plugin-opt=-pass-through=-lgcc_s] ==> ignore
    arg [--build-id] ==> ignore
    arg [--eh-frame-hdr] ==> ignore
    arg [-m] ==> ignore
    arg [elf_x86_64] ==> ignore
    arg [--hash-style=gnu] ==> ignore
    arg [--as-needed] ==> ignore
    arg [-export-dynamic] ==> ignore
    arg [-dynamic-linker] ==> ignore
    arg [/lib64/ld-linux-x86-64.so.2] ==> ignore
    arg [-pie] ==> ignore
    arg [-znow] ==> ignore
    arg [-zrelro] ==> ignore
    arg [-o] ==> ignore
    arg [cmTC_aaaf8] ==> ignore
    arg [/usr/lib/gcc/x86_64-linux-gnu/9/../../../x86_64-linux-gnu/Scrt1.o] ==> ignore
    arg [/usr/lib/gcc/x86_64-linux-gnu/9/../../../x86_64-linux-gnu/crti.o] ==> ignore
    arg [/usr/lib/gcc/x86_64-linux-gnu/9/crtbeginS.o] ==> ignore
    arg [-L/usr/lib/gcc/x86_64-linux-gnu/9] ==> dir [/usr/lib/gcc/x86_64-linux-gnu/9]
    arg [-L/usr/lib/gcc/x86_64-linux-gnu/9/../../../x86_64-linux-gnu] ==> dir [/usr/lib/gcc/x86_64-linux-gnu/9/../../../x86_64-linux-gnu]
    arg [-L/usr/lib/gcc/x86_64-linux-gnu/9/../../../../lib] ==> dir [/usr/lib/gcc/x86_64-linux-gnu/9/../../../../lib]
    arg [-L/lib/x86_64-linux-gnu] ==> dir [/lib/x86_64-linux-gnu]
    arg [-L/lib/../lib] ==> dir [/lib/../lib]
    arg [-L/usr/lib/x86_64-linux-gnu] ==> dir [/usr/lib/x86_64-linux-gnu]
    arg [-L/usr/lib/../lib] ==> dir [/usr/lib/../lib]
    arg [-L/usr/lib/gcc/x86_64-linux-gnu/9/../../..] ==> dir [/usr/lib/gcc/x86_64-linux-gnu/9/../../..]
    arg [CMakeFiles/cmTC_aaaf8.dir/CMakeCCompilerABI.c.o] ==> ignore
    arg [-lgcc] ==> lib [gcc]
    arg [--push-state] ==> ignore
    arg [--as-needed] ==> ignore
    arg [-lgcc_s] ==> lib [gcc_s]
    arg [--pop-state] ==> ignore
    arg [-lc] ==> lib [c]
    arg [-lgcc] ==> lib [gcc]
    arg [--push-state] ==> ignore
    arg [--as-needed] ==> ignore
    arg [-lgcc_s] ==> lib [gcc_s]
    arg [--pop-state] ==> ignore
    arg [/usr/lib/gcc/x86_64-linux-gnu/9/crtendS.o] ==> ignore
    arg [/usr/lib/gcc/x86_64-linux-gnu/9/../../../x86_64-linux-gnu/crtn.o] ==> ignore
  collapse library dir [/usr/lib/gcc/x86_64-linux-gnu/9] ==> [/usr/lib/gcc/x86_64-linux-gnu/9]
  collapse library dir [/usr/lib/gcc/x86_64-linux-gnu/9/../../../x86_64-linux-gnu] ==> [/usr/lib/x86_64-linux-gnu]
  collapse library dir [/usr/lib/gcc/x86_64-linux-gnu/9/../../../../lib] ==> [/usr/lib]
  collapse library dir [/lib/x86_64-linux-gnu] ==> [/lib/x86_64-linux-gnu]
  collapse library dir [/lib/../lib] ==> [/lib]
  collapse library dir [/usr/lib/x86_64-linux-gnu] ==> [/usr/lib/x86_64-linux-gnu]
  collapse library dir [/usr/lib/../lib] ==> [/usr/lib]
  collapse library dir [/usr/lib/gcc/x86_64-linux-gnu/9/../../..] ==> [/usr/lib]
  implicit libs: [gcc;gcc_s;c;gcc;gcc_s]
  implicit dirs: [/usr/lib/gcc/x86_64-linux-gnu/9;/usr/lib/x86_64-linux-gnu;/usr/lib;/lib/x86_64-linux-gnu;/lib]
  implicit fwks: []


Determining if the CXX compiler works passed with the following output:
Change Dir: /media/frame1bit/Data/media-player/cspot/targets/cli/build/CMakeFiles/CMakeTmp

Run Build Command(s):/usr/bin/make cmTC_96995/fast && /usr/bin/make -f CMakeFiles/cmTC_96995.dir/build.make CMakeFiles/cmTC_96995.dir/build
make[1]: Entering directory '/media/frame1bit/Data/media-player/cspot/targets/cli/build/CMakeFiles/CMakeTmp'
Building CXX object CMakeFiles/cmTC_96995.dir/testCXXCompiler.cxx.o
/usr/bin/c++     -o CMakeFiles/cmTC_96995.dir/testCXXCompiler.cxx.o -c /media/frame1bit/Data/media-player/cspot/targets/cli/build/CMakeFiles/CMakeTmp/testCXXCompiler.cxx
Linking CXX executable cmTC_96995
/usr/bin/cmake -E cmake_link_script CMakeFiles/cmTC_96995.dir/link.txt --verbose=1
/usr/bin/c++       -rdynamic CMakeFiles/cmTC_96995.dir/testCXXCompiler.cxx.o  -o cmTC_96995 
make[1]: Leaving directory '/media/frame1bit/Data/media-player/cspot/targets/cli/build/CMakeFiles/CMakeTmp'



Detecting CXX compiler ABI info compiled with the following output:
Change Dir: /media/frame1bit/Data/media-player/cspot/targets/cli/build/CMakeFiles/CMakeTmp

Run Build Command(s):/usr/bin/make cmTC_bfd21/fast && /usr/bin/make -f CMakeFiles/cmTC_bfd21.dir/build.make CMakeFiles/cmTC_bfd21.dir/build
make[1]: Entering directory '/media/frame1bit/Data/media-player/cspot/targets/cli/build/CMakeFiles/CMakeTmp'
Building CXX object CMakeFiles/cmTC_bfd21.dir/CMakeCXXCompilerABI.cpp.o
/usr/bin/c++    -v -o CMakeFiles/cmTC_bfd21.dir/CMakeCXXCompilerABI.cpp.o -c /usr/share/cmake-3.16/Modules/CMakeCXXCompilerABI.cpp
Using built-in specs.
COLLECT_GCC=/usr/bin/c++
OFFLOAD_TARGET_NAMES=nvptx-none:hsa
OFFLOAD_TARGET_DEFAULT=1
Target: x86_64-linux-gnu
Configured with: ../src/configure -v --with-pkgversion='Ubuntu 9.4.0-1ubuntu1~20.04.1' --with-bugurl=file:///usr/share/doc/gcc-9/README.Bugs --enable-languages=c,ada,c++,go,brig,d,fortran,objc,obj-c++,gm2 --prefix=/usr --with-gcc-major-version-only --program-suffix=-9 --program-prefix=x86_64-linux-gnu- --enable-shared --enable-linker-build-id --libexecdir=/usr/lib --without-included-gettext --enable-threads=posix --libdir=/usr/lib --enable-nls --enable-clocale=gnu --enable-libstdcxx-debug --enable-libstdcxx-time=yes --with-default-libstdcxx-abi=new --enable-gnu-unique-object --disable-vtable-verify --enable-plugin --enable-default-pie --with-system-zlib --with-target-system-zlib=auto --enable-objc-gc=auto --enable-multiarch --disable-werror --with-arch-32=i686 --with-abi=m64 --with-multilib-list=m32,m64,mx32 --enable-multilib --with-tune=generic --enable-offload-targets=nvptx-none=/build/gcc-9-Av3uEd/gcc-9-9.4.0/debian/tmp-nvptx/usr,hsa --without-cuda-driver --enable-checking=release --build=x86_64-linux-gnu --host=x86_64-linux-gnu --target=x86_64-linux-gnu
Thread model: posix
gcc version 9.4.0 (Ubuntu 9.4.0-1ubuntu1~20.04.1) 
COLLECT_GCC_OPTIONS='-v' '-o' 'CMakeFiles/cmTC_bfd21.dir/CMakeCXXCompilerABI.cpp.o' '-c' '-shared-libgcc' '-mtune=generic' '-march=x86-64'
 /usr/lib/gcc/x86_64-linux-gnu/9/cc1plus -quiet -v -imultiarch x86_64-linux-gnu -D_GNU_SOURCE /usr/share/cmake-3.16/Modules/CMakeCXXCompilerABI.cpp -quiet -dumpbase CMakeCXXCompilerABI.cpp -mtune=generic -march=x86-64 -auxbase-strip CMakeFiles/cmTC_bfd21.dir/CMakeCXXCompilerABI.cpp.o -version -fasynchronous-unwind-tables -fstack-protector-strong -Wformat -Wformat-security -fstack-clash-protection -fcf-protection -o /tmp/ccBhBRK4.s
GNU C++14 (Ubuntu 9.4.0-1ubuntu1~20.04.1) version 9.4.0 (x86_64-linux-gnu)
	compiled by GNU C version 9.4.0, GMP version 6.2.0, MPFR version 4.0.2, MPC version 1.1.0, isl version isl-0.22.1-GMP

GGC heuristics: --param ggc-min-expand=100 --param ggc-min-heapsize=131072
ignoring duplicate directory "/usr/include/x86_64-linux-gnu/c++/9"
ignoring nonexistent directory "/usr/local/include/x86_64-linux-gnu"
ignoring nonexistent directory "/usr/lib/gcc/x86_64-linux-gnu/9/include-fixed"
ignoring nonexistent directory "/usr/lib/gcc/x86_64-linux-gnu/9/../../../../x86_64-linux-gnu/include"
#include "..." search starts here:
#include <...> search starts here:
 /usr/include/c++/9
 /usr/include/x86_64-linux-gnu/c++/9
 /usr/include/c++/9/backward
 /usr/lib/gcc/x86_64-linux-gnu/9/include
 /usr/local/include
 /usr/include/x86_64-linux-gnu
 /usr/include
End of search list.
GNU C++14 (Ubuntu 9.4.0-1ubuntu1~20.04.1) version 9.4.0 (x86_64-linux-gnu)
	compiled by GNU C version 9.4.0, GMP version 6.2.0, MPFR version 4.0.2, MPC version 1.1.0, isl version isl-0.22.1-GMP

GGC heuristics: --param ggc-min-expand=100 --param ggc-min-heapsize=131072
Compiler executable checksum: 65fe925b83d3956b533de4aaba7dace0
COLLECT_GCC_OPTIONS='-v' '-o' 'CMakeFiles/cmTC_bfd21.dir/CMakeCXXCompilerABI.cpp.o' '-c' '-shared-libgcc' '-mtune=generic' '-march=x86-64'
 as -v --64 -o CMakeFiles/cmTC_bfd21.dir/CMakeCXXCompilerABI.cpp.o /tmp/ccBhBRK4.s
GNU assembler version 2.34 (x86_64-linux-gnu) using BFD version (GNU Binutils for Ubuntu) 2.34
COMPILER_PATH=/usr/lib/gcc/x86_64-linux-gnu/9/:/usr/lib/gcc/x86_64-linux-gnu/9/:/usr/lib/gcc/x86_64-linux-gnu/:/usr/lib/gcc/x86_64-linux-gnu/9/:/usr/lib/gcc/x86_64-linux-gnu/
LIBRARY_PATH=/usr/lib/gcc/x86_64-linux-gnu/9/:/usr/lib/gcc/x86_64-linux-gnu/9/../../../x86_64-linux-gnu/:/usr/lib/gcc/x86_64-linux-gnu/9/../../../../lib/:/lib/x86_64-linux-gnu/:/lib/../lib/:/usr/lib/x86_64-linux-gnu/:/usr/lib/../lib/:/usr/lib/gcc/x86_64-linux-gnu/9/../../../:/lib/:/usr/lib/
COLLECT_GCC_OPTIONS='-v' '-o' 'CMakeFiles/cmTC_bfd21.dir/CMakeCXXCompilerABI.cpp.o' '-c' '-shared-libgcc' '-mtune=generic' '-march=x86-64'
Linking CXX executable cmTC_bfd21
/usr/bin/cmake -E cmake_link_script CMakeFiles/cmTC_bfd21.dir/link.txt --verbose=1
/usr/bin/c++      -v -rdynamic CMakeFiles/cmTC_bfd21.dir/CMakeCXXCompilerABI.cpp.o  -o cmTC_bfd21 
Using built-in specs.
COLLECT_GCC=/usr/bin/c++
COLLECT_LTO_WRAPPER=/usr/lib/gcc/x86_64-linux-gnu/9/lto-wrapper
OFFLOAD_TARGET_NAMES=nvptx-none:hsa
OFFLOAD_TARGET_DEFAULT=1
Target: x86_64-linux-gnu
Configured with: ../src/configure -v --with-pkgversion='Ubuntu 9.4.0-1ubuntu1~20.04.1' --with-bugurl=file:///usr/share/doc/gcc-9/README.Bugs --enable-languages=c,ada,c++,go,brig,d,fortran,objc,obj-c++,gm2 --prefix=/usr --with-gcc-major-version-only --program-suffix=-9 --program-prefix=x86_64-linux-gnu- --enable-shared --enable-linker-build-id --libexecdir=/usr/lib --without-included-gettext --enable-threads=posix --libdir=/usr/lib --enable-nls --enable-clocale=gnu --enable-libstdcxx-debug --enable-libstdcxx-time=yes --with-default-libstdcxx-abi=new --enable-gnu-unique-object --disable-vtable-verify --enable-plugin --enable-default-pie --with-system-zlib --with-target-system-zlib=auto --enable-objc-gc=auto --enable-multiarch --disable-werror --with-arch-32=i686 --with-abi=m64 --with-multilib-list=m32,m64,mx32 --enable-multilib --with-tune=generic --enable-offload-targets=nvptx-none=/build/gcc-9-Av3uEd/gcc-9-9.4.0/debian/tmp-nvptx/usr,hsa --without-cuda-driver --enable-checking=release --build=x86_64-linux-gnu --host=x86_64-linux-gnu --target=x86_64-linux-gnu
Thread model: posix
gcc version 9.4.0 (Ubuntu 9.4.0-1ubuntu1~20.04.1) 
COMPILER_PATH=/usr/lib/gcc/x86_64-linux-gnu/9/:/usr/lib/gcc/x86_64-linux-gnu/9/:/usr/lib/gcc/x86_64-linux-gnu/:/usr/lib/gcc/x86_64-linux-gnu/9/:/usr/lib/gcc/x86_64-linux-gnu/
LIBRARY_PATH=/usr/lib/gcc/x86_64-linux-gnu/9/:/usr/lib/gcc/x86_64-linux-gnu/9/../../../x86_64-linux-gnu/:/usr/lib/gcc/x86_64-linux-gnu/9/../../../../lib/:/lib/x86_64-linux-gnu/:/lib/../lib/:/usr/lib/x86_64-linux-gnu/:/usr/lib/../lib/:/usr/lib/gcc/x86_64-linux-gnu/9/../../../:/lib/:/usr/lib/
COLLECT_GCC_OPTIONS='-v' '-rdynamic' '-o' 'cmTC_bfd21' '-shared-libgcc' '-mtune=generic' '-march=x86-64'
 /usr/lib/gcc/x86_64-linux-gnu/9/collect2 -plugin /usr/lib/gcc/x86_64-linux-gnu/9/liblto_plugin.so -plugin-opt=/usr/lib/gcc/x86_64-linux-gnu/9/lto-wrapper -plugin-opt=-fresolution=/tmp/cczTdgZw.res -plugin-opt=-pass-through=-lgcc_s -plugin-opt=-pass-through=-lgcc -plugin-opt=-pass-through=-lc -plugin-opt=-pass-through=-lgcc_s -plugin-opt=-pass-through=-lgcc --build-id --eh-frame-hdr -m elf_x86_64 --hash-style=gnu --as-needed -export-dynamic -dynamic-linker /lib64/ld-linux-x86-64.so.2 -pie -z now -z relro -o cmTC_bfd21 /usr/lib/gcc/x86_64-linux-gnu/9/../../../x86_64-linux-gnu/Scrt1.o /usr/lib/gcc/x86_64-linux-gnu/9/../../../x86_64-linux-gnu/crti.o /usr/lib/gcc/x86_64-linux-gnu/9/crtbeginS.o -L/usr/lib/gcc/x86_64-linux-gnu/9 -L/usr/lib/gcc/x86_64-linux-gnu/9/../../../x86_64-linux-gnu -L/usr/lib/gcc/x86_64-linux-gnu/9/../../../../lib -L/lib/x86_64-linux-gnu -L/lib/../lib -L/usr/lib/x86_64-linux-gnu -L/usr/lib/../lib -L/usr/lib/gcc/x86_64-linux-gnu/9/../../.. CMakeFiles/cmTC_bfd21.dir/CMakeCXXCompilerABI.cpp.o -lstdc++ -lm -lgcc_s -lgcc -lc -lgcc_s -lgcc /usr/lib/gcc/x86_64-linux-gnu/9/crtendS.o /usr/lib/gcc/x86_64-linux-gnu/9/../../../x86_64-linux-gnu/crtn.o
COLLECT_GCC_OPTIONS='-v' '-rdynamic' '-o' 'cmTC_bfd21' '-shared-libgcc' '-mtune=generic' '-march=x86-64'
make[1]: Leaving directory '/media/frame1bit/Data/media-player/cspot/targets/cli/build/CMakeFiles/CMakeTmp'



Parsed CXX implicit include dir info from above output: rv=done
  found start of include info
  found start of implicit include info
    add: [/usr/include/c++/9]
    add: [/usr/include/x86_64-linux-gnu/c++/9]
    add: [/usr/include/c++/9/backward]
    add: [/usr/lib/gcc/x86_64-linux-gnu/9/include]
    add: [/usr/local/include]
    add: [/usr/include/x86_64-linux-gnu]
    add: [/usr/include]
  end of search list found
  collapse include dir [/usr/include/c++/9] ==> [/usr/include/c++/9]
  collapse include dir [/usr/include/x86_64-linux-gnu/c++/9] ==> [/usr/include/x86_64-linux-gnu/c++/9]
  collapse include dir [/usr/include/c++/9/backward] ==> [/usr/include/c++/9/backward]
  collapse include dir [/usr/lib/gcc/x86_64-linux-gnu/9/include] ==> [/usr/lib/gcc/x86_64-linux-gnu/9/include]
  collapse include dir [/usr/local/include] ==> [/usr/local/include]
  collapse include dir [/usr/include/x86_64-linux-gnu] ==> [/usr/include/x86_64-linux-gnu]
  collapse include dir [/usr/include] ==> [/usr/include]
  implicit include dirs: [/usr/include/c++/9;/usr/include/x86_64-linux-gnu/c++/9;/usr/include/c++/9/backward;/usr/lib/gcc/x86_64-linux-gnu/9/include;/usr/local/include;/usr/include/x86_64-linux-gnu;/usr/include]


Parsed CXX implicit link information from above output:
  link line regex: [^( *|.*[/\])(ld|CMAKE_LINK_STARTFILE-NOTFOUND|([^/\]+-)?ld|collect2)[^/\]*( |$)]
  ignore line: [Change Dir: /media/frame1bit/Data/media-player/cspot/targets/cli/build/CMakeFiles/CMakeTmp]
  ignore line: []
  ignore line: [Run Build Command(s):/usr/bin/make cmTC_bfd21/fast && /usr/bin/make -f CMakeFiles/cmTC_bfd21.dir/build.make CMakeFiles/cmTC_bfd21.dir/build]
  ignore line: [make[1]: Entering directory '/media/frame1bit/Data/media-player/cspot/targets/cli/build/CMakeFiles/CMakeTmp']
  ignore line: [Building CXX object CMakeFiles/cmTC_bfd21.dir/CMakeCXXCompilerABI.cpp.o]
  ignore line: [/usr/bin/c++    -v -o CMakeFiles/cmTC_bfd21.dir/CMakeCXXCompilerABI.cpp.o -c /usr/share/cmake-3.16/Modules/CMakeCXXCompilerABI.cpp]
  ignore line: [Using built-in specs.]
  ignore line: [COLLECT_GCC=/usr/bin/c++]
  ignore line: [OFFLOAD_TARGET_NAMES=nvptx-none:hsa]
  ignore line: [OFFLOAD_TARGET_DEFAULT=1]
  ignore line: [Target: x86_64-linux-gnu]
  ignore line: [Configured with: ../src/configure -v --with-pkgversion='Ubuntu 9.4.0-1ubuntu1~20.04.1' --with-bugurl=file:///usr/share/doc/gcc-9/README.Bugs --enable-languages=c ada c++ go brig d fortran objc obj-c++ gm2 --prefix=/usr --with-gcc-major-version-only --program-suffix=-9 --program-prefix=x86_64-linux-gnu- --enable-shared --enable-linker-build-id --libexecdir=/usr/lib --without-included-gettext --enable-threads=posix --libdir=/usr/lib --enable-nls --enable-clocale=gnu --enable-libstdcxx-debug --enable-libstdcxx-time=yes --with-default-libstdcxx-abi=new --enable-gnu-unique-object --disable-vtable-verify --enable-plugin --enable-default-pie --with-system-zlib --with-target-system-zlib=auto --enable-objc-gc=auto --enable-multiarch --disable-werror --with-arch-32=i686 --with-abi=m64 --with-multilib-list=m32 m64 mx32 --enable-multilib --with-tune=generic --enable-offload-targets=nvptx-none=/build/gcc-9-Av3uEd/gcc-9-9.4.0/debian/tmp-nvptx/usr hsa --without-cuda-driver --enable-checking=release --build=x86_64-linux-gnu --host=x86_64-linux-gnu --target=x86_64-linux-gnu]
  ignore line: [Thread model: posix]
  ignore line: [gcc version 9.4.0 (Ubuntu 9.4.0-1ubuntu1~20.04.1) ]
  ignore line: [COLLECT_GCC_OPTIONS='-v' '-o' 'CMakeFiles/cmTC_bfd21.dir/CMakeCXXCompilerABI.cpp.o' '-c' '-shared-libgcc' '-mtune=generic' '-march=x86-64']
  ignore line: [ /usr/lib/gcc/x86_64-linux-gnu/9/cc1plus -quiet -v -imultiarch x86_64-linux-gnu -D_GNU_SOURCE /usr/share/cmake-3.16/Modules/CMakeCXXCompilerABI.cpp -quiet -dumpbase CMakeCXXCompilerABI.cpp -mtune=generic -march=x86-64 -auxbase-strip CMakeFiles/cmTC_bfd21.dir/CMakeCXXCompilerABI.cpp.o -version -fasynchronous-unwind-tables -fstack-protector-strong -Wformat -Wformat-security -fstack-clash-protection -fcf-protection -o /tmp/ccBhBRK4.s]
  ignore line: [GNU C++14 (Ubuntu 9.4.0-1ubuntu1~20.04.1) version 9.4.0 (x86_64-linux-gnu)]
  ignore line: [	compiled by GNU C version 9.4.0  GMP version 6.2.0  MPFR version 4.0.2  MPC version 1.1.0  isl version isl-0.22.1-GMP]
  ignore line: []
  ignore line: [GGC heuristics: --param ggc-min-expand=100 --param ggc-min-heapsize=131072]
  ignore line: [ignoring duplicate directory "/usr/include/x86_64-linux-gnu/c++/9"]
  ignore line: [ignoring nonexistent directory "/usr/local/include/x86_64-linux-gnu"]
  ignore line: [ignoring nonexistent directory "/usr/lib/gcc/x86_64-linux-gnu/9/include-fixed"]
  ignore line: [ignoring nonexistent directory "/usr/lib/gcc/x86_64-linux-gnu/9/../../../../x86_64-linux-gnu/include"]
  ignore line: [#include "..." search starts here:]
  ignore line: [#include <...> search starts here:]
  ignore line: [ /usr/include/c++/9]
  ignore line: [ /usr/include/x86_64-linux-gnu/c++/9]
  ignore line: [ /usr/include/c++/9/backward]
  ignore line: [ /usr/lib/gcc/x86_64-linux-gnu/9/include]
  ignore line: [ /usr/local/include]
  ignore line: [ /usr/include/x86_64-linux-gnu]
  ignore line: [ /usr/include]
  ignore line: [End of search list.]
  ignore line: [GNU C++14 (Ubuntu 9.4.0-1ubuntu1~20.04.1) version 9.4.0 (x86_64-linux-gnu)]
  ignore line: [	compiled by GNU C version 9.4.0  GMP version 6.2.0  MPFR version 4.0.2  MPC version 1.1.0  isl version isl-0.22.1-GMP]
  ignore line: []
  ignore line: [GGC heuristics: --param ggc-min-expand=100 --param ggc-min-heapsize=131072]
  ignore line: [Compiler executable checksum: 65fe925b83d3956b533de4aaba7dace0]
  ignore line: [COLLECT_GCC_OPTIONS='-v' '-o' 'CMakeFiles/cmTC_bfd21.dir/CMakeCXXCompilerABI.cpp.o' '-c' '-shared-libgcc' '-mtune=generic' '-march=x86-64']
  ignore line: [ as -v --64 -o CMakeFiles/cmTC_bfd21.dir/CMakeCXXCompilerABI.cpp.o /tmp/ccBhBRK4.s]
  ignore line: [GNU assembler version 2.34 (x86_64-linux-gnu) using BFD version (GNU Binutils for Ubuntu) 2.34]
  ignore line: [COMPILER_PATH=/usr/lib/gcc/x86_64-linux-gnu/9/:/usr/lib/gcc/x86_64-linux-gnu/9/:/usr/lib/gcc/x86_64-linux-gnu/:/usr/lib/gcc/x86_64-linux-gnu/9/:/usr/lib/gcc/x86_64-linux-gnu/]
  ignore line: [LIBRARY_PATH=/usr/lib/gcc/x86_64-linux-gnu/9/:/usr/lib/gcc/x86_64-linux-gnu/9/../../../x86_64-linux-gnu/:/usr/lib/gcc/x86_64-linux-gnu/9/../../../../lib/:/lib/x86_64-linux-gnu/:/lib/../lib/:/usr/lib/x86_64-linux-gnu/:/usr/lib/../lib/:/usr/lib/gcc/x86_64-linux-gnu/9/../../../:/lib/:/usr/lib/]
  ignore line: [COLLECT_GCC_OPTIONS='-v' '-o' 'CMakeFiles/cmTC_bfd21.dir/CMakeCXXCompilerABI.cpp.o' '-c' '-shared-libgcc' '-mtune=generic' '-march=x86-64']
  ignore line: [Linking CXX executable cmTC_bfd21]
  ignore line: [/usr/bin/cmake -E cmake_link_script CMakeFiles/cmTC_bfd21.dir/link.txt --verbose=1]
  ignore line: [/usr/bin/c++      -v -rdynamic CMakeFiles/cmTC_bfd21.dir/CMakeCXXCompilerABI.cpp.o  -o cmTC_bfd21 ]
  ignore line: [Using built-in specs.]
  ignore line: [COLLECT_GCC=/usr/bin/c++]
  ignore line: [COLLECT_LTO_WRAPPER=/usr/lib/gcc/x86_64-linux-gnu/9/lto-wrapper]
  ignore line: [OFFLOAD_TARGET_NAMES=nvptx-none:hsa]
  ignore line: [OFFLOAD_TARGET_DEFAULT=1]
  ignore line: [Target: x86_64-linux-gnu]
  ignore line: [Configured with: ../src/configure -v --with-pkgversion='Ubuntu 9.4.0-1ubuntu1~20.04.1' --with-bugurl=file:///usr/share/doc/gcc-9/README.Bugs --enable-languages=c ada c++ go brig d fortran objc obj-c++ gm2 --prefix=/usr --with-gcc-major-version-only --program-suffix=-9 --program-prefix=x86_64-linux-gnu- --enable-shared --enable-linker-build-id --libexecdir=/usr/lib --without-included-gettext --enable-threads=posix --libdir=/usr/lib --enable-nls --enable-clocale=gnu --enable-libstdcxx-debug --enable-libstdcxx-time=yes --with-default-libstdcxx-abi=new --enable-gnu-unique-object --disable-vtable-verify --enable-plugin --enable-default-pie --with-system-zlib --with-target-system-zlib=auto --enable-objc-gc=auto --enable-multiarch --disable-werror --with-arch-32=i686 --with-abi=m64 --with-multilib-list=m32 m64 mx32 --enable-multilib --with-tune=generic --enable-offload-targets=nvptx-none=/build/gcc-9-Av3uEd/gcc-9-9.4.0/debian/tmp-nvptx/usr hsa --without-cuda-driver --enable-checking=release --build=x86_64-linux-gnu --host=x86_64-linux-gnu --target=x86_64-linux-gnu]
  ignore line: [Thread model: posix]
  ignore line: [gcc version 9.4.0 (Ubuntu 9.4.0-1ubuntu1~20.04.1) ]
  ignore line: [COMPILER_PATH=/usr/lib/gcc/x86_64-linux-gnu/9/:/usr/lib/gcc/x86_64-linux-gnu/9/:/usr/lib/gcc/x86_64-linux-gnu/:/usr/lib/gcc/x86_64-linux-gnu/9/:/usr/lib/gcc/x86_64-linux-gnu/]
  ignore line: [LIBRARY_PATH=/usr/lib/gcc/x86_64-linux-gnu/9/:/usr/lib/gcc/x86_64-linux-gnu/9/../../../x86_64-linux-gnu/:/usr/lib/gcc/x86_64-linux-gnu/9/../../../../lib/:/lib/x86_64-linux-gnu/:/lib/../lib/:/usr/lib/x86_64-linux-gnu/:/usr/lib/../lib/:/usr/lib/gcc/x86_64-linux-gnu/9/../../../:/lib/:/usr/lib/]
  ignore line: [COLLECT_GCC_OPTIONS='-v' '-rdynamic' '-o' 'cmTC_bfd21' '-shared-libgcc' '-mtune=generic' '-march=x86-64']
  link line: [ /usr/lib/gcc/x86_64-linux-gnu/9/collect2 -plugin /usr/lib/gcc/x86_64-linux-gnu/9/liblto_plugin.so -plugin-opt=/usr/lib/gcc/x86_64-linux-gnu/9/lto-wrapper -plugin-opt=-fresolution=/tmp/cczTdgZw.res -plugin-opt=-pass-through=-lgcc_s -plugin-opt=-pass-through=-lgcc -plugin-opt=-pass-through=-lc -plugin-opt=-pass-through=-lgcc_s -plugin-opt=-pass-through=-lgcc --build-id --eh-frame-hdr -m elf_x86_64 --hash-style=gnu --as-needed -export-dynamic -dynamic-linker /lib64/ld-linux-x86-64.so.2 -pie -z now -z relro -o cmTC_bfd21 /usr/lib/gcc/x86_64-linux-gnu/9/../../../x86_64-linux-gnu/Scrt1.o /usr/lib/gcc/x86_64-linux-gnu/9/../../../x86_64-linux-gnu/crti.o /usr/lib/gcc/x86_64-linux-gnu/9/crtbeginS.o -L/usr/lib/gcc/x86_64-linux-gnu/9 -L/usr/lib/gcc/x86_64-linux-gnu/9/../../../x86_64-linux-gnu -L/usr/lib/gcc/x86_64-linux-gnu/9/../../../../lib -L/lib/x86_64-linux-gnu -L/lib/../lib -L/usr/lib/x86_64-linux-gnu -L/usr/lib/../lib -L/usr/lib/gcc/x86_64-linux-gnu/9/../../.. CMakeFiles/cmTC_bfd21.dir/CMakeCXXCompilerABI.cpp.o -lstdc++ -lm -lgcc_s -lgcc -lc -lgcc_s -lgcc /usr/lib/gcc/x86_64-linux-gnu/9/crtendS.o /usr/lib/gcc/x86_64-linux-gnu/9/../../../x86_64-linux-gnu/crtn.o]
    arg [/usr/lib/gcc/x86_64-linux-gnu/9/collect2] ==> ignore
    arg [-plugin] ==> ignore
    arg [/usr/lib/gcc/x86_64-linux-gnu/9/liblto_plugin.so] ==> ignore
    arg [-plugin-opt=/usr/lib/gcc/x86_64-linux-gnu/9/lto-wrapper] ==> ignore
    arg [-plugin-opt=-fresolution=/tmp/cczTdgZw.res] ==> ignore
    arg [-plugin-opt=-pass-through=-lgcc_s] ==> ignore
    arg [-plugin-opt=-pass-through=-lgcc] ==> ignore
    arg [-plugin-opt=-pass-through=-lc] ==> ignore
    arg [-plugin-opt=-pass-through=-lgcc_s] ==> ignore
    arg [-plugin-opt=-pass-through=-lgcc] ==> ignore
    arg [--build-id] ==> ignore
    arg [--eh-frame-hdr] ==> ignore
    arg [-m] ==> ignore
    arg [elf_x86_64] ==> ignore
    arg [--hash-style=gnu] ==> ignore
    arg [--as-needed] ==> ignore
    arg [-export-dynamic] ==> ignore
    arg [-dynamic-linker] ==> ignore
    arg [/lib64/ld-linux-x86-64.so.2] ==> ignore
    arg [-pie] ==> ignore
    arg [-znow] ==> ignore
    arg [-zrelro] ==> ignore
    arg [-o] ==> ignore
    arg [cmTC_bfd21] ==> ignore
    arg [/usr/lib/gcc/x86_64-linux-gnu/9/../../../x86_64-linux-gnu/Scrt1.o] ==> ignore
    arg [/usr/lib/gcc/x86_64-linux-gnu/9/../../../x86_64-linux-gnu/crti.o] ==> ignore
    arg [/usr/lib/gcc/x86_64-linux-gnu/9/crtbeginS.o] ==> ignore
    arg [-L/usr/lib/gcc/x86_64-linux-gnu/9] ==> dir [/usr/lib/gcc/x86_64-linux-gnu/9]
    arg [-L/usr/lib/gcc/x86_64-linux-gnu/9/../../../x86_64-linux-gnu] ==> dir [/usr/lib/gcc/x86_64-linux-gnu/9/../../../x86_64-linux-gnu]
    arg [-L/usr/lib/gcc/x86_64-linux-gnu/9/../../../../lib] ==> dir [/usr/lib/gcc/x86_64-linux-gnu/9/../../../../lib]
    arg [-L/lib/x86_64-linux-gnu] ==> dir [/lib/x86_64-linux-gnu]
    arg [-L/lib/../lib] ==> dir [/lib/../lib]
    arg [-L/usr/lib/x86_64-linux-gnu] ==> dir [/usr/lib/x86_64-linux-gnu]
    arg [-L/usr/lib/../lib] ==> dir [/usr/lib/../lib]
    arg [-L/usr/lib/gcc/x86_64-linux-gnu/9/../../..] ==> dir [/usr/lib/gcc/x86_64-linux-gnu/9/../../..]
    arg [CMakeFiles/cmTC_bfd21.dir/CMakeCXXCompilerABI.cpp.o] ==> ignore
    arg [-lstdc++] ==> lib [stdc++]
    arg [-lm] ==> lib [m]
    arg [-lgcc_s] ==> lib [gcc_s]
    arg [-lgcc] ==> lib [gcc]
    arg [-lc] ==> lib [c]
    arg [-lgcc_s] ==> lib [gcc_s]
    arg [-lgcc] ==> lib [gcc]
    arg [/usr/lib/gcc/x86_64-linux-gnu/9/crtendS.o] ==> ignore
    arg [/usr/lib/gcc/x86_64-linux-gnu/9/../../../x86_64-linux-gnu/crtn.o] ==> ignore
  collapse library dir [/usr/lib/gcc/x86_64-linux-gnu/9] ==> [/usr/lib/gcc/x86_64-linux-gnu/9]
  collapse library dir [/usr/lib/gcc/x86_64-linux-gnu/9/../../../x86_64-linux-gnu] ==> [/usr/lib/x86_64-linux-gnu]
  collapse library dir [/usr/lib/gcc/x86_64-linux-gnu/9/../../../../lib] ==> [/usr/lib]
  collapse library dir [/lib/x86_64-linux-gnu] ==> [/lib/x86_64-linux-gnu]
  collapse library dir [/lib/../lib] ==> [/lib]
  collapse library dir [/usr/lib/x86_64-linux-gnu] ==> [/usr/lib/x86_64-linux-gnu]
  collapse library dir [/usr/lib/../lib] ==> [/usr/lib]
  collapse library dir [/usr/lib/gcc/x86_64-linux-gnu/9/../../..] ==> [/usr/lib]
  implicit libs: [stdc++;m;gcc_s;gcc;c;gcc_s;gcc]
  implicit dirs: [/usr/lib/gcc/x86_64-linux-gnu/9;/usr/lib/x86_64-linux-gnu;/usr/lib;/lib/x86_64-linux-gnu;/lib]
  implicit fwks: []


Determining if the include file pthread.h exists passed with the following output:
Change Dir: /media/frame1bit/Data/media-player/cspot/targets/cli/build/CMakeFiles/CMakeTmp

Run Build Command(s):/usr/bin/make cmTC_5d112/fast && /usr/bin/make -f CMakeFiles/cmTC_5d112.dir/build.make CMakeFiles/cmTC_5d112.dir/build
make[1]: Entering directory '/media/frame1bit/Data/media-player/cspot/targets/cli/build/CMakeFiles/CMakeTmp'
Building C object CMakeFiles/cmTC_5d112.dir/CheckIncludeFile.c.o
/usr/bin/cc    -o CMakeFiles/cmTC_5d112.dir/CheckIncludeFile.c.o   -c /media/frame1bit/Data/media-player/cspot/targets/cli/build/CMakeFiles/CMakeTmp/CheckIncludeFile.c
Linking C executable cmTC_5d112
/usr/bin/cmake -E cmake_link_script CMakeFiles/cmTC_5d112.dir/link.txt --verbose=1
/usr/bin/cc      -rdynamic CMakeFiles/cmTC_5d112.dir/CheckIncludeFile.c.o  -o cmTC_5d112 
make[1]: Leaving directory '/media/frame1bit/Data/media-player/cspot/targets/cli/build/CMakeFiles/CMakeTmp'



Determining if the function pthread_create exists in the pthread passed with the following output:
Change Dir: /media/frame1bit/Data/media-player/cspot/targets/cli/build/CMakeFiles/CMakeTmp

Run Build Command(s):/usr/bin/make cmTC_76650/fast && /usr/bin/make -f CMakeFiles/cmTC_76650.dir/build.make CMakeFiles/cmTC_76650.dir/build
make[1]: Entering directory '/media/frame1bit/Data/media-player/cspot/targets/cli/build/CMakeFiles/CMakeTmp'
Building C object CMakeFiles/cmTC_76650.dir/CheckFunctionExists.c.o
/usr/bin/cc   -DCHECK_FUNCTION_EXISTS=pthread_create   -o CMakeFiles/cmTC_76650.dir/CheckFunctionExists.c.o   -c /usr/share/cmake-3.16/Modules/CheckFunctionExists.c
Linking C executable cmTC_76650
/usr/bin/cmake -E cmake_link_script CMakeFiles/cmTC_76650.dir/link.txt --verbose=1
/usr/bin/cc  -DCHECK_FUNCTION_EXISTS=pthread_create    -rdynamic CMakeFiles/cmTC_76650.dir/CheckFunctionExists.c.o  -o cmTC_76650  -lpthread 
make[1]: Leaving directory '/media/frame1bit/Data/media-player/cspot/targets/cli/build/CMakeFiles/CMakeTmp'



Determining if the function floor exists in the m passed with the following output:
Change Dir: /media/frame1bit/Data/media-player/cspot/targets/cli/build/CMakeFiles/CMakeTmp

Run Build Command(s):/usr/bin/make cmTC_1a803/fast && /usr/bin/make -f CMakeFiles/cmTC_1a803.dir/build.make CMakeFiles/cmTC_1a803.dir/build
make[1]: Entering directory '/media/frame1bit/Data/media-player/cspot/targets/cli/build/CMakeFiles/CMakeTmp'
Building C object CMakeFiles/cmTC_1a803.dir/CheckFunctionExists.c.o
/usr/bin/cc   -DCHECK_FUNCTION_EXISTS=floor   -o CMakeFiles/cmTC_1a803.dir/CheckFunctionExists.c.o   -c /usr/share/cmake-3.16/Modules/CheckFunctionExists.c
<command-line>: warning: conflicting types for built-in function ‘floor’; expected ‘double(double)’ [-Wbuiltin-declaration-mismatch]
/usr/share/cmake-3.16/Modules/CheckFunctionExists.c:7:3: note: in expansion of macro ‘CHECK_FUNCTION_EXISTS’
    7 |   CHECK_FUNCTION_EXISTS(void);
      |   ^~~~~~~~~~~~~~~~~~~~~
/usr/share/cmake-3.16/Modules/CheckFunctionExists.c:1:1: note: ‘floor’ is declared in header ‘<math.h>’
  +++ |+#include <math.h>
    1 | #ifdef CHECK_FUNCTION_EXISTS
Linking C executable cmTC_1a803
/usr/bin/cmake -E cmake_link_script CMakeFiles/cmTC_1a803.dir/link.txt --verbose=1
/usr/bin/cc  -DCHECK_FUNCTION_EXISTS=floor    -rdynamic CMakeFiles/cmTC_1a803.dir/CheckFunctionExists.c.o  -o cmTC_1a803  -lm 
make[1]: Leaving directory '/media/frame1bit/Data/media-player/cspot/targets/cli/build/CMakeFiles/CMakeTmp'



Determining if the include file alloca.h exists passed with the following output:
Change Dir: /media/frame1bit/Data/media-player/cspot/targets/cli/build/CMakeFiles/CMakeTmp

Run Build Command(s):/usr/bin/make cmTC_7a759/fast && /usr/bin/make -f CMakeFiles/cmTC_7a759.dir/build.make CMakeFiles/cmTC_7a759.dir/build
make[1]: Entering directory '/media/frame1bit/Data/media-player/cspot/targets/cli/build/CMakeFiles/CMakeTmp'
Building C object CMakeFiles/cmTC_7a759.dir/CheckIncludeFile.c.o
/usr/bin/cc    -o CMakeFiles/cmTC_7a759.dir/CheckIncludeFile.c.o   -c /media/frame1bit/Data/media-player/cspot/targets/cli/build/CMakeFiles/CMakeTmp/CheckIncludeFile.c
Linking C executable cmTC_7a759
/usr/bin/cmake -E cmake_link_script CMakeFiles/cmTC_7a759.dir/link.txt --verbose=1
/usr/bin/cc      -rdynamic CMakeFiles/cmTC_7a759.dir/CheckIncludeFile.c.o  -o cmTC_7a759 
make[1]: Leaving directory '/media/frame1bit/Data/media-player/cspot/targets/cli/build/CMakeFiles/CMakeTmp'



Determining if the alloca exist passed with the following output:
Change Dir: /media/frame1bit/Data/media-player/cspot/targets/cli/build/CMakeFiles/CMakeTmp

Run Build Command(s):/usr/bin/make cmTC_414fb/fast && /usr/bin/make -f CMakeFiles/cmTC_414fb.dir/build.make CMakeFiles/cmTC_414fb.dir/build
make[1]: Entering directory '/media/frame1bit/Data/media-player/cspot/targets/cli/build/CMakeFiles/CMakeTmp'
Building C object CMakeFiles/cmTC_414fb.dir/CheckSymbolExists.c.o
/usr/bin/cc    -o CMakeFiles/cmTC_414fb.dir/CheckSymbolExists.c.o   -c /media/frame1bit/Data/media-player/cspot/targets/cli/build/CMakeFiles/CMakeTmp/CheckSymbolExists.c
Linking C executable cmTC_414fb
/usr/bin/cmake -E cmake_link_script CMakeFiles/cmTC_414fb.dir/link.txt --verbose=1
/usr/bin/cc      -rdynamic CMakeFiles/cmTC_414fb.dir/CheckSymbolExists.c.o  -o cmTC_414fb 
make[1]: Leaving directory '/media/frame1bit/Data/media-player/cspot/targets/cli/build/CMakeFiles/CMakeTmp'


File /media/frame1bit/Data/media-player/cspot/targets/cli/build/CMakeFiles/CMakeTmp/CheckSymbolExists.c:
/* */
#include <alloca.h>

int main(int argc, char** argv)
{
  (void)argv;
#ifndef alloca
  return ((int*)(&alloca))[argc];
#else
  (void)argc;
  return 0;
#endif
}
Determining if the include file cpuid.h exists passed with the following output:
Change Dir: /media/frame1bit/Data/media-player/cspot/targets/cli/build/CMakeFiles/CMakeTmp

Run Build Command(s):/usr/bin/make cmTC_87476/fast && /usr/bin/make -f CMakeFiles/cmTC_87476.dir/build.make CMakeFiles/cmTC_87476.dir/build
make[1]: Entering directory '/media/frame1bit/Data/media-player/cspot/targets/cli/build/CMakeFiles/CMakeTmp'
Building C object CMakeFiles/cmTC_87476.dir/CheckIncludeFile.c.o
/usr/bin/cc    -o CMakeFiles/cmTC_87476.dir/CheckIncludeFile.c.o   -c /media/frame1bit/Data/media-player/cspot/targets/cli/build/CMakeFiles/CMakeTmp/CheckIncludeFile.c
Linking C executable cmTC_87476
/usr/bin/cmake -E cmake_link_script CMakeFiles/cmTC_87476.dir/link.txt --verbose=1
/usr/bin/cc      -rdynamic CMakeFiles/cmTC_87476.dir/CheckIncludeFile.c.o  -o cmTC_87476 
make[1]: Leaving directory '/media/frame1bit/Data/media-player/cspot/targets/cli/build/CMakeFiles/CMakeTmp'



Determining if the include file xmmintrin.h exists passed with the following output:
Change Dir: /media/frame1bit/Data/media-player/cspot/targets/cli/build/CMakeFiles/CMakeTmp

Run Build Command(s):/usr/bin/make cmTC_24b76/fast && /usr/bin/make -f CMakeFiles/cmTC_24b76.dir/build.make CMakeFiles/cmTC_24b76.dir/build
make[1]: Entering directory '/media/frame1bit/Data/media-player/cspot/targets/cli/build/CMakeFiles/CMakeTmp'
Building C object CMakeFiles/cmTC_24b76.dir/CheckIncludeFile.c.o
/usr/bin/cc    -o CMakeFiles/cmTC_24b76.dir/CheckIncludeFile.c.o   -c /media/frame1bit/Data/media-player/cspot/targets/cli/build/CMakeFiles/CMakeTmp/CheckIncludeFile.c
Linking C executable cmTC_24b76
/usr/bin/cmake -E cmake_link_script CMakeFiles/cmTC_24b76.dir/link.txt --verbose=1
/usr/bin/cc      -rdynamic CMakeFiles/cmTC_24b76.dir/CheckIncludeFile.c.o  -o cmTC_24b76 
make[1]: Leaving directory '/media/frame1bit/Data/media-player/cspot/targets/cli/build/CMakeFiles/CMakeTmp'



Performing C SOURCE FILE Test SSE1_SUPPORTED succeeded with the following output:
Change Dir: /media/frame1bit/Data/media-player/cspot/targets/cli/build/CMakeFiles/CMakeTmp

Run Build Command(s):/usr/bin/make cmTC_9fa96/fast && /usr/bin/make -f CMakeFiles/cmTC_9fa96.dir/build.make CMakeFiles/cmTC_9fa96.dir/build
make[1]: Entering directory '/media/frame1bit/Data/media-player/cspot/targets/cli/build/CMakeFiles/CMakeTmp'
Building C object CMakeFiles/cmTC_9fa96.dir/src.c.o
/usr/bin/cc   -DSSE1_SUPPORTED   -msse -o CMakeFiles/cmTC_9fa96.dir/src.c.o   -c /media/frame1bit/Data/media-player/cspot/targets/cli/build/CMakeFiles/CMakeTmp/src.c
Linking C executable cmTC_9fa96
/usr/bin/cmake -E cmake_link_script CMakeFiles/cmTC_9fa96.dir/link.txt --verbose=1
/usr/bin/cc  -DSSE1_SUPPORTED    -rdynamic CMakeFiles/cmTC_9fa96.dir/src.c.o  -o cmTC_9fa96 
make[1]: Leaving directory '/media/frame1bit/Data/media-player/cspot/targets/cli/build/CMakeFiles/CMakeTmp'


Source file was:
int main(void) { return 0; }
Determining if the include file emmintrin.h exists passed with the following output:
Change Dir: /media/frame1bit/Data/media-player/cspot/targets/cli/build/CMakeFiles/CMakeTmp

Run Build Command(s):/usr/bin/make cmTC_c4485/fast && /usr/bin/make -f CMakeFiles/cmTC_c4485.dir/build.make CMakeFiles/cmTC_c4485.dir/build
make[1]: Entering directory '/media/frame1bit/Data/media-player/cspot/targets/cli/build/CMakeFiles/CMakeTmp'
Building C object CMakeFiles/cmTC_c4485.dir/CheckIncludeFile.c.o
/usr/bin/cc    -o CMakeFiles/cmTC_c4485.dir/CheckIncludeFile.c.o   -c /media/frame1bit/Data/media-player/cspot/targets/cli/build/CMakeFiles/CMakeTmp/CheckIncludeFile.c
Linking C executable cmTC_c4485
/usr/bin/cmake -E cmake_link_script CMakeFiles/cmTC_c4485.dir/link.txt --verbose=1
/usr/bin/cc      -rdynamic CMakeFiles/cmTC_c4485.dir/CheckIncludeFile.c.o  -o cmTC_c4485 
make[1]: Leaving directory '/media/frame1bit/Data/media-player/cspot/targets/cli/build/CMakeFiles/CMakeTmp'



Performing C SOURCE FILE Test SSE2_SUPPORTED succeeded with the following output:
Change Dir: /media/frame1bit/Data/media-player/cspot/targets/cli/build/CMakeFiles/CMakeTmp

Run Build Command(s):/usr/bin/make cmTC_63b95/fast && /usr/bin/make -f CMakeFiles/cmTC_63b95.dir/build.make CMakeFiles/cmTC_63b95.dir/build
make[1]: Entering directory '/media/frame1bit/Data/media-player/cspot/targets/cli/build/CMakeFiles/CMakeTmp'
Building C object CMakeFiles/cmTC_63b95.dir/src.c.o
/usr/bin/cc   -DSSE2_SUPPORTED   -msse2 -o CMakeFiles/cmTC_63b95.dir/src.c.o   -c /media/frame1bit/Data/media-player/cspot/targets/cli/build/CMakeFiles/CMakeTmp/src.c
Linking C executable cmTC_63b95
/usr/bin/cmake -E cmake_link_script CMakeFiles/cmTC_63b95.dir/link.txt --verbose=1
/usr/bin/cc  -DSSE2_SUPPORTED    -rdynamic CMakeFiles/cmTC_63b95.dir/src.c.o  -o cmTC_63b95 
make[1]: Leaving directory '/media/frame1bit/Data/media-player/cspot/targets/cli/build/CMakeFiles/CMakeTmp'


Source file was:
int main(void) { return 0; }
Determining if the include file smmintrin.h exists passed with the following output:
Change Dir: /media/frame1bit/Data/media-player/cspot/targets/cli/build/CMakeFiles/CMakeTmp

Run Build Command(s):/usr/bin/make cmTC_16176/fast && /usr/bin/make -f CMakeFiles/cmTC_16176.dir/build.make CMakeFiles/cmTC_16176.dir/build
make[1]: Entering directory '/media/frame1bit/Data/media-player/cspot/targets/cli/build/CMakeFiles/CMakeTmp'
Building C object CMakeFiles/cmTC_16176.dir/CheckIncludeFile.c.o
/usr/bin/cc    -o CMakeFiles/cmTC_16176.dir/CheckIncludeFile.c.o   -c /media/frame1bit/Data/media-player/cspot/targets/cli/build/CMakeFiles/CMakeTmp/CheckIncludeFile.c
Linking C executable cmTC_16176
/usr/bin/cmake -E cmake_link_script CMakeFiles/cmTC_16176.dir/link.txt --verbose=1
/usr/bin/cc      -rdynamic CMakeFiles/cmTC_16176.dir/CheckIncludeFile.c.o  -o cmTC_16176 
make[1]: Leaving directory '/media/frame1bit/Data/media-player/cspot/targets/cli/build/CMakeFiles/CMakeTmp'



Performing C SOURCE FILE Test SSE4_1_SUPPORTED succeeded with the following output:
Change Dir: /media/frame1bit/Data/media-player/cspot/targets/cli/build/CMakeFiles/CMakeTmp

Run Build Command(s):/usr/bin/make cmTC_f3579/fast && /usr/bin/make -f CMakeFiles/cmTC_f3579.dir/build.make CMakeFiles/cmTC_f3579.dir/build
make[1]: Entering directory '/media/frame1bit/Data/media-player/cspot/targets/cli/build/CMakeFiles/CMakeTmp'
Building C object CMakeFiles/cmTC_f3579.dir/src.c.o
/usr/bin/cc   -DSSE4_1_SUPPORTED   -msse4.1 -o CMakeFiles/cmTC_f3579.dir/src.c.o   -c /media/frame1bit/Data/media-player/cspot/targets/cli/build/CMakeFiles/CMakeTmp/src.c
Linking C executable cmTC_f3579
/usr/bin/cmake -E cmake_link_script CMakeFiles/cmTC_f3579.dir/link.txt --verbose=1
/usr/bin/cc  -DSSE4_1_SUPPORTED    -rdynamic CMakeFiles/cmTC_f3579.dir/src.c.o  -o cmTC_f3579 
make[1]: Leaving directory '/media/frame1bit/Data/media-player/cspot/targets/cli/build/CMakeFiles/CMakeTmp'


Source file was:
int main(void) { return 0; }
Determining if the include file immintrin.h exists passed with the following output:
Change Dir: /media/frame1bit/Data/media-player/cspot/targets/cli/build/CMakeFiles/CMakeTmp

Run Build Command(s):/usr/bin/make cmTC_55b63/fast && /usr/bin/make -f CMakeFiles/cmTC_55b63.dir/build.make CMakeFiles/cmTC_55b63.dir/build
make[1]: Entering directory '/media/frame1bit/Data/media-player/cspot/targets/cli/build/CMakeFiles/CMakeTmp'
Building C object CMakeFiles/cmTC_55b63.dir/CheckIncludeFile.c.o
/usr/bin/cc    -o CMakeFiles/cmTC_55b63.dir/CheckIncludeFile.c.o   -c /media/frame1bit/Data/media-player/cspot/targets/cli/build/CMakeFiles/CMakeTmp/CheckIncludeFile.c
Linking C executable cmTC_55b63
/usr/bin/cmake -E cmake_link_script CMakeFiles/cmTC_55b63.dir/link.txt --verbose=1
/usr/bin/cc      -rdynamic CMakeFiles/cmTC_55b63.dir/CheckIncludeFile.c.o  -o cmTC_55b63 
make[1]: Leaving directory '/media/frame1bit/Data/media-player/cspot/targets/cli/build/CMakeFiles/CMakeTmp'



Performing C SOURCE FILE Test AVX_SUPPORTED succeeded with the following output:
Change Dir: /media/frame1bit/Data/media-player/cspot/targets/cli/build/CMakeFiles/CMakeTmp

Run Build Command(s):/usr/bin/make cmTC_5c6db/fast && /usr/bin/make -f CMakeFiles/cmTC_5c6db.dir/build.make CMakeFiles/cmTC_5c6db.dir/build
make[1]: Entering directory '/media/frame1bit/Data/media-player/cspot/targets/cli/build/CMakeFiles/CMakeTmp'
Building C object CMakeFiles/cmTC_5c6db.dir/src.c.o
/usr/bin/cc   -DAVX_SUPPORTED   -mavx -o CMakeFiles/cmTC_5c6db.dir/src.c.o   -c /media/frame1bit/Data/media-player/cspot/targets/cli/build/CMakeFiles/CMakeTmp/src.c
Linking C executable cmTC_5c6db
/usr/bin/cmake -E cmake_link_script CMakeFiles/cmTC_5c6db.dir/link.txt --verbose=1
/usr/bin/cc  -DAVX_SUPPORTED    -rdynamic CMakeFiles/cmTC_5c6db.dir/src.c.o  -o cmTC_5c6db 
make[1]: Leaving directory '/media/frame1bit/Data/media-player/cspot/targets/cli/build/CMakeFiles/CMakeTmp'


Source file was:
int main(void) { return 0; }
Performing C SOURCE FILE Test FAST_MATH_SUPPORTED succeeded with the following output:
Change Dir: /media/frame1bit/Data/media-player/cspot/targets/cli/build/CMakeFiles/CMakeTmp

Run Build Command(s):/usr/bin/make cmTC_52721/fast && /usr/bin/make -f CMakeFiles/cmTC_52721.dir/build.make CMakeFiles/cmTC_52721.dir/build
make[1]: Entering directory '/media/frame1bit/Data/media-player/cspot/targets/cli/build/CMakeFiles/CMakeTmp'
Building C object CMakeFiles/cmTC_52721.dir/src.c.o
/usr/bin/cc   -DFAST_MATH_SUPPORTED   -ffast-math -o CMakeFiles/cmTC_52721.dir/src.c.o   -c /media/frame1bit/Data/media-player/cspot/targets/cli/build/CMakeFiles/CMakeTmp/src.c
Linking C executable cmTC_52721
/usr/bin/cmake -E cmake_link_script CMakeFiles/cmTC_52721.dir/link.txt --verbose=1
/usr/bin/cc  -DFAST_MATH_SUPPORTED    -rdynamic CMakeFiles/cmTC_52721.dir/src.c.o  -o cmTC_52721 
make[1]: Leaving directory '/media/frame1bit/Data/media-player/cspot/targets/cli/build/CMakeFiles/CMakeTmp'


Source file was:
int main(void) { return 0; }
Performing C SOURCE FILE Test STACK_PROTECTOR_SUPPORTED succeeded with the following output:
Change Dir: /media/frame1bit/Data/media-player/cspot/targets/cli/build/CMakeFiles/CMakeTmp

Run Build Command(s):/usr/bin/make cmTC_6d93d/fast && /usr/bin/make -f CMakeFiles/cmTC_6d93d.dir/build.make CMakeFiles/cmTC_6d93d.dir/build
make[1]: Entering directory '/media/frame1bit/Data/media-player/cspot/targets/cli/build/CMakeFiles/CMakeTmp'
Building C object CMakeFiles/cmTC_6d93d.dir/src.c.o
/usr/bin/cc   -DSTACK_PROTECTOR_SUPPORTED   -fstack-protector-strong -o CMakeFiles/cmTC_6d93d.dir/src.c.o   -c /media/frame1bit/Data/media-player/cspot/targets/cli/build/CMakeFiles/CMakeTmp/src.c
Linking C executable cmTC_6d93d
/usr/bin/cmake -E cmake_link_script CMakeFiles/cmTC_6d93d.dir/link.txt --verbose=1
/usr/bin/cc  -DSTACK_PROTECTOR_SUPPORTED    -rdynamic CMakeFiles/cmTC_6d93d.dir/src.c.o  -o cmTC_6d93d 
make[1]: Leaving directory '/media/frame1bit/Data/media-player/cspot/targets/cli/build/CMakeFiles/CMakeTmp'


Source file was:
int main(void) { return 0; }
Performing C SOURCE FILE Test HIDDEN_VISIBILITY_SUPPORTED succeeded with the following output:
Change Dir: /media/frame1bit/Data/media-player/cspot/targets/cli/build/CMakeFiles/CMakeTmp

Run Build Command(s):/usr/bin/make cmTC_5eefc/fast && /usr/bin/make -f CMakeFiles/cmTC_5eefc.dir/build.make CMakeFiles/cmTC_5eefc.dir/build
make[1]: Entering directory '/media/frame1bit/Data/media-player/cspot/targets/cli/build/CMakeFiles/CMakeTmp'
Building C object CMakeFiles/cmTC_5eefc.dir/src.c.o
/usr/bin/cc   -DHIDDEN_VISIBILITY_SUPPORTED   -fvisibility=hidden -o CMakeFiles/cmTC_5eefc.dir/src.c.o   -c /media/frame1bit/Data/media-player/cspot/targets/cli/build/CMakeFiles/CMakeTmp/src.c
Linking C executable cmTC_5eefc
/usr/bin/cmake -E cmake_link_script CMakeFiles/cmTC_5eefc.dir/link.txt --verbose=1
/usr/bin/cc  -DHIDDEN_VISIBILITY_SUPPORTED    -rdynamic CMakeFiles/cmTC_5eefc.dir/src.c.o  -o cmTC_5eefc 
make[1]: Leaving directory '/media/frame1bit/Data/media-player/cspot/targets/cli/build/CMakeFiles/CMakeTmp'


Source file was:
int main(void) { return 0; }
Performing C SOURCE FILE Test Wall_SUPPORTED succeeded with the following output:
Change Dir: /media/frame1bit/Data/media-player/cspot/targets/cli/build/CMakeFiles/CMakeTmp

Run Build Command(s):/usr/bin/make cmTC_58948/fast && /usr/bin/make -f CMakeFiles/cmTC_58948.dir/build.make CMakeFiles/cmTC_58948.dir/build
make[1]: Entering directory '/media/frame1bit/Data/media-player/cspot/targets/cli/build/CMakeFiles/CMakeTmp'
Building C object CMakeFiles/cmTC_58948.dir/src.c.o
/usr/bin/cc   -DWall_SUPPORTED   -Wall -o CMakeFiles/cmTC_58948.dir/src.c.o   -c /media/frame1bit/Data/media-player/cspot/targets/cli/build/CMakeFiles/CMakeTmp/src.c
Linking C executable cmTC_58948
/usr/bin/cmake -E cmake_link_script CMakeFiles/cmTC_58948.dir/link.txt --verbose=1
/usr/bin/cc  -DWall_SUPPORTED    -rdynamic CMakeFiles/cmTC_58948.dir/src.c.o  -o cmTC_58948 
make[1]: Leaving directory '/media/frame1bit/Data/media-player/cspot/targets/cli/build/CMakeFiles/CMakeTmp'


Source file was:
int main(void) { return 0; }
Performing C SOURCE FILE Test W_SUPPORTED succeeded with the following output:
Change Dir: /media/frame1bit/Data/media-player/cspot/targets/cli/build/CMakeFiles/CMakeTmp

Run Build Command(s):/usr/bin/make cmTC_80c28/fast && /usr/bin/make -f CMakeFiles/cmTC_80c28.dir/build.make CMakeFiles/cmTC_80c28.dir/build
make[1]: Entering directory '/media/frame1bit/Data/media-player/cspot/targets/cli/build/CMakeFiles/CMakeTmp'
Building C object CMakeFiles/cmTC_80c28.dir/src.c.o
/usr/bin/cc   -DW_SUPPORTED   -W -o CMakeFiles/cmTC_80c28.dir/src.c.o   -c /media/frame1bit/Data/media-player/cspot/targets/cli/build/CMakeFiles/CMakeTmp/src.c
Linking C executable cmTC_80c28
/usr/bin/cmake -E cmake_link_script CMakeFiles/cmTC_80c28.dir/link.txt --verbose=1
/usr/bin/cc  -DW_SUPPORTED    -rdynamic CMakeFiles/cmTC_80c28.dir/src.c.o  -o cmTC_80c28 
make[1]: Leaving directory '/media/frame1bit/Data/media-player/cspot/targets/cli/build/CMakeFiles/CMakeTmp'


Source file was:
int main(void) { return 0; }
Performing C SOURCE FILE Test Wstrictprototypes_SUPPORTED succeeded with the following output:
Change Dir: /media/frame1bit/Data/media-player/cspot/targets/cli/build/CMakeFiles/CMakeTmp

Run Build Command(s):/usr/bin/make cmTC_19045/fast && /usr/bin/make -f CMakeFiles/cmTC_19045.dir/build.make CMakeFiles/cmTC_19045.dir/build
make[1]: Entering directory '/media/frame1bit/Data/media-player/cspot/targets/cli/build/CMakeFiles/CMakeTmp'
Building C object CMakeFiles/cmTC_19045.dir/src.c.o
/usr/bin/cc   -DWstrictprototypes_SUPPORTED   -Wstrict-prototypes -o CMakeFiles/cmTC_19045.dir/src.c.o   -c /media/frame1bit/Data/media-player/cspot/targets/cli/build/CMakeFiles/CMakeTmp/src.c
Linking C executable cmTC_19045
/usr/bin/cmake -E cmake_link_script CMakeFiles/cmTC_19045.dir/link.txt --verbose=1
/usr/bin/cc  -DWstrictprototypes_SUPPORTED    -rdynamic CMakeFiles/cmTC_19045.dir/src.c.o  -o cmTC_19045 
make[1]: Leaving directory '/media/frame1bit/Data/media-player/cspot/targets/cli/build/CMakeFiles/CMakeTmp'


Source file was:
int main(void) { return 0; }
Performing C SOURCE FILE Test Wextra_SUPPORTED succeeded with the following output:
Change Dir: /media/frame1bit/Data/media-player/cspot/targets/cli/build/CMakeFiles/CMakeTmp

Run Build Command(s):/usr/bin/make cmTC_38efe/fast && /usr/bin/make -f CMakeFiles/cmTC_38efe.dir/build.make CMakeFiles/cmTC_38efe.dir/build
make[1]: Entering directory '/media/frame1bit/Data/media-player/cspot/targets/cli/build/CMakeFiles/CMakeTmp'
Building C object CMakeFiles/cmTC_38efe.dir/src.c.o
/usr/bin/cc   -DWextra_SUPPORTED   -Wextra -o CMakeFiles/cmTC_38efe.dir/src.c.o   -c /media/frame1bit/Data/media-player/cspot/targets/cli/build/CMakeFiles/CMakeTmp/src.c
Linking C executable cmTC_38efe
/usr/bin/cmake -E cmake_link_script CMakeFiles/cmTC_38efe.dir/link.txt --verbose=1
/usr/bin/cc  -DWextra_SUPPORTED    -rdynamic CMakeFiles/cmTC_38efe.dir/src.c.o  -o cmTC_38efe 
make[1]: Leaving directory '/media/frame1bit/Data/media-player/cspot/targets/cli/build/CMakeFiles/CMakeTmp'


Source file was:
int main(void) { return 0; }
Performing C SOURCE FILE Test Wcastalign_SUPPORTED succeeded with the following output:
Change Dir: /media/frame1bit/Data/media-player/cspot/targets/cli/build/CMakeFiles/CMakeTmp

Run Build Command(s):/usr/bin/make cmTC_fed5d/fast && /usr/bin/make -f CMakeFiles/cmTC_fed5d.dir/build.make CMakeFiles/cmTC_fed5d.dir/build
make[1]: Entering directory '/media/frame1bit/Data/media-player/cspot/targets/cli/build/CMakeFiles/CMakeTmp'
Building C object CMakeFiles/cmTC_fed5d.dir/src.c.o
/usr/bin/cc   -DWcastalign_SUPPORTED   -Wcast-align -o CMakeFiles/cmTC_fed5d.dir/src.c.o   -c /media/frame1bit/Data/media-player/cspot/targets/cli/build/CMakeFiles/CMakeTmp/src.c
Linking C executable cmTC_fed5d
/usr/bin/cmake -E cmake_link_script CMakeFiles/cmTC_fed5d.dir/link.txt --verbose=1
/usr/bin/cc  -DWcastalign_SUPPORTED    -rdynamic CMakeFiles/cmTC_fed5d.dir/src.c.o  -o cmTC_fed5d 
make[1]: Leaving directory '/media/frame1bit/Data/media-player/cspot/targets/cli/build/CMakeFiles/CMakeTmp'


Source file was:
int main(void) { return 0; }
Performing C SOURCE FILE Test Wnestedexterns_SUPPORTED succeeded with the following output:
Change Dir: /media/frame1bit/Data/media-player/cspot/targets/cli/build/CMakeFiles/CMakeTmp

Run Build Command(s):/usr/bin/make cmTC_51247/fast && /usr/bin/make -f CMakeFiles/cmTC_51247.dir/build.make CMakeFiles/cmTC_51247.dir/build
make[1]: Entering directory '/media/frame1bit/Data/media-player/cspot/targets/cli/build/CMakeFiles/CMakeTmp'
Building C object CMakeFiles/cmTC_51247.dir/src.c.o
/usr/bin/cc   -DWnestedexterns_SUPPORTED   -Wnested-externs -o CMakeFiles/cmTC_51247.dir/src.c.o   -c /media/frame1bit/Data/media-player/cspot/targets/cli/build/CMakeFiles/CMakeTmp/src.c
Linking C executable cmTC_51247
/usr/bin/cmake -E cmake_link_script CMakeFiles/cmTC_51247.dir/link.txt --verbose=1
/usr/bin/cc  -DWnestedexterns_SUPPORTED    -rdynamic CMakeFiles/cmTC_51247.dir/src.c.o  -o cmTC_51247 
make[1]: Leaving directory '/media/frame1bit/Data/media-player/cspot/targets/cli/build/CMakeFiles/CMakeTmp'


Source file was:
int main(void) { return 0; }
Performing C SOURCE FILE Test Wshadow_SUPPORTED succeeded with the following output:
Change Dir: /media/frame1bit/Data/media-player/cspot/targets/cli/build/CMakeFiles/CMakeTmp

Run Build Command(s):/usr/bin/make cmTC_b0287/fast && /usr/bin/make -f CMakeFiles/cmTC_b0287.dir/build.make CMakeFiles/cmTC_b0287.dir/build
make[1]: Entering directory '/media/frame1bit/Data/media-player/cspot/targets/cli/build/CMakeFiles/CMakeTmp'
Building C object CMakeFiles/cmTC_b0287.dir/src.c.o
/usr/bin/cc   -DWshadow_SUPPORTED   -Wshadow -o CMakeFiles/cmTC_b0287.dir/src.c.o   -c /media/frame1bit/Data/media-player/cspot/targets/cli/build/CMakeFiles/CMakeTmp/src.c
Linking C executable cmTC_b0287
/usr/bin/cmake -E cmake_link_script CMakeFiles/cmTC_b0287.dir/link.txt --verbose=1
/usr/bin/cc  -DWshadow_SUPPORTED    -rdynamic CMakeFiles/cmTC_b0287.dir/src.c.o  -o cmTC_b0287 
make[1]: Leaving directory '/media/frame1bit/Data/media-player/cspot/targets/cli/build/CMakeFiles/CMakeTmp'


Source file was:
int main(void) { return 0; }
